<?xml version="1.0" encoding="UTF-8"?>
<beans xmlns="http://www.springframework.org/schema/beans"
       xmlns:context="http://www.springframework.org/schema/context"
       xmlns:xsi="http://www.w3.org/2001/XMLSchema-instance"
       xsi:schemaLocation="
           http://www.springframework.org/schema/beans http://www.springframework.org/schema/beans/spring-beans.xsd
           http://www.springframework.org/schema/context http://www.springframework.org/schema/context/spring-context.xsd
      ">

    <context:property-placeholder location="classpath*:/META-INF/spring/*.properties" />

    <import resource="classpath:META-INF/spring/tutorial-rest-domain.xml" />

    <bean id="jdbcTemplate" class="org.springframework.jdbc.core.JdbcTemplate">
        <property name="dataSource" ref="dataSource" />
    </bean>
    
    <!-- for dbunit -->
    <bean id="dataSourceTest"
        class="org.springframework.jdbc.datasource.TransactionAwareDataSourceProxy">
        <constructor-arg ref="dataSource"/>
    </bean>

    <bean id="namedParameterJdbcTemplate" class="org.springframework.jdbc.core.namedparam.NamedParameterJdbcTemplate">
        <constructor-arg>
            <ref bean="jdbcTemplate" />
        </constructor-arg>
    </bean>
    
    <bean id="objectMapper" class="org.springframework.http.converter.json.Jackson2ObjectMapperFactoryBean">
        <property name="dateFormat">
            <bean class="com.fasterxml.jackson.databind.util.StdDateFormat"/>
        </property>
        <property name="modules">
            <array>
            <bean class="com.fasterxml.jackson.datatype.jsr310.JSR310Module" />
            </array>
        </property>
    </bean>

    <bean id="passwordEncoder" class="org.springframework.security.crypto.bcrypt.BCryptPasswordEncoder" />

    <bean id="exceptionLogger" class="org.terasoluna.gfw.common.exception.ExceptionLogger" />

    <bean class="org.dozer.spring.DozerBeanMapperFactoryBean">
        <property name="mappingFiles" value="classpath*:/META-INF/dozer/**/*-mapping.xml" />
    </bean>

</beans>